<?xml version="1.0" encoding="UTF-8"?>
<testsuite name="com.project.mallapi.repository.MemberRepositoryTests" tests="2" skipped="0" failures="0" errors="0" timestamp="2025-03-20T10:53:48" hostname="LAPTOP-5MPKH3CR" time="1.81">
  <properties/>
  <testcase name="testRead()" classname="com.project.mallapi.repository.MemberRepositoryTests" time="0.854"/>
  <testcase name="testInsertMember()" classname="com.project.mallapi.repository.MemberRepositoryTests" time="0.955"/>
  <system-out><![CDATA[19:53:40.152 [Test worker] INFO org.springframework.test.context.support.AnnotationConfigContextLoaderUtils -- Could not detect default configuration classes for test class [com.project.mallapi.repository.MemberRepositoryTests]: MemberRepositoryTests does not declare any static, non-private, non-final, nested classes annotated with @Configuration.
19:53:40.368 [Test worker] INFO org.springframework.boot.test.context.SpringBootTestContextBootstrapper -- Found @SpringBootConfiguration com.project.mallapi.MallapiApplication for test class com.project.mallapi.repository.MemberRepositoryTests
  ???????????????????????????????????
  ??????????????????????????????????
  ??????????????????????????????????
  ??????????????????????????????????
  ??????????????????????????????????
  ??????????????????????????????????
  ??????????????????????????????????
  ??????????????????????????????????


2025-03-20T19:53:41.136+09:00  INFO 28184 --- [mallapi] [    Test worker] c.p.m.repository.MemberRepositoryTests   : Starting MemberRepositoryTests using Java 17.0.10 with PID 28184 (started by seulgi in C:\Users\seulg\git\React-Study\mallapi)
2025-03-20T19:53:41.138+09:00  INFO 28184 --- [mallapi] [    Test worker] c.p.m.repository.MemberRepositoryTests   : No active profile set, falling back to 1 default profile: "default"
2025-03-20T19:53:42.232+09:00  INFO 28184 --- [mallapi] [    Test worker] .s.d.r.c.RepositoryConfigurationDelegate : Bootstrapping Spring Data JPA repositories in DEFAULT mode.
2025-03-20T19:53:42.345+09:00  INFO 28184 --- [mallapi] [    Test worker] .s.d.r.c.RepositoryConfigurationDelegate : Finished Spring Data repository scanning in 91 ms. Found 1 JPA repository interface.
2025-03-20T19:53:43.200+09:00  INFO 28184 --- [mallapi] [    Test worker] o.hibernate.jpa.internal.util.LogHelper  : HHH000204: Processing PersistenceUnitInfo [name: default]
2025-03-20T19:53:43.341+09:00  INFO 28184 --- [mallapi] [    Test worker] org.hibernate.Version                    : HHH000412: Hibernate ORM core version 6.6.8.Final
2025-03-20T19:53:43.410+09:00  INFO 28184 --- [mallapi] [    Test worker] o.h.c.internal.RegionFactoryInitiator    : HHH000026: Second-level cache disabled
2025-03-20T19:53:44.053+09:00  INFO 28184 --- [mallapi] [    Test worker] o.s.o.j.p.SpringPersistenceUnitInfo      : No LoadTimeWeaver setup: ignoring JPA class transformer
2025-03-20T19:53:44.106+09:00  INFO 28184 --- [mallapi] [    Test worker] com.zaxxer.hikari.HikariDataSource       : HikariPool-1 - Starting...
2025-03-20T19:53:44.229+09:00  INFO 28184 --- [mallapi] [    Test worker] com.zaxxer.hikari.pool.HikariPool        : HikariPool-1 - Added connection org.mariadb.jdbc.Connection@70ee9d31
2025-03-20T19:53:44.235+09:00  INFO 28184 --- [mallapi] [    Test worker] com.zaxxer.hikari.HikariDataSource       : HikariPool-1 - Start completed.
2025-03-20T19:53:44.324+09:00  INFO 28184 --- [mallapi] [    Test worker] org.hibernate.orm.connections.pooling    : HHH10001005: Database info:
	Database JDBC URL [Connecting through datasource 'HikariDataSource (HikariPool-1)']
	Database driver: undefined/unknown
	Database version: 10.11.2
	Autocommit mode: undefined/unknown
	Isolation level: undefined/unknown
	Minimum pool size: undefined/unknown
	Maximum pool size: undefined/unknown
2025-03-20T19:53:45.591+09:00  INFO 28184 --- [mallapi] [    Test worker] o.h.e.t.j.p.i.JtaPlatformInitiator       : HHH000489: No JTA platform available (set 'hibernate.transaction.jta.platform' to enable JTA platform integration)
2025-03-20T19:53:45.694+09:00  INFO 28184 --- [mallapi] [    Test worker] j.LocalContainerEntityManagerFactoryBean : Initialized JPA EntityManagerFactory for persistence unit 'default'
2025-03-20T19:53:46.258+09:00  INFO 28184 --- [mallapi] [    Test worker] o.s.d.j.r.query.QueryEnhancerFactory     : Hibernate is in classpath; If applicable, HQL parser will be used.
2025-03-20T19:53:47.122+09:00  WARN 28184 --- [mallapi] [    Test worker] JpaBaseConfiguration$JpaWebConfiguration : spring.jpa.open-in-view is enabled by default. Therefore, database queries may be performed during view rendering. Explicitly configure spring.jpa.open-in-view to disable this warning
2025-03-20T19:53:47.242+09:00  INFO 28184 --- [mallapi] [    Test worker] r$InitializeUserDetailsManagerConfigurer : Global AuthenticationManager configured with UserDetailsService bean with name customUserDetailsService
2025-03-20T19:53:47.420+09:00  INFO 28184 --- [mallapi] [    Test worker] c.project.mallapi.config.SecurityConfig  : -----Security start-----
2025-03-20T19:53:47.534+09:00 DEBUG 28184 --- [mallapi] [    Test worker] o.s.s.web.DefaultSecurityFilterChain     : Will secure any request with filters: DisableEncodeUrlFilter, WebAsyncManagerIntegrationFilter, SecurityContextHolderFilter, HeaderWriterFilter, CorsFilter, LogoutFilter, UsernamePasswordAuthenticationFilter, RequestCacheAwareFilter, SecurityContextHolderAwareRequestFilter, AnonymousAuthenticationFilter, SessionManagementFilter, ExceptionTranslationFilter
2025-03-20T19:53:48.673+09:00  INFO 28184 --- [mallapi] [    Test worker] c.p.m.repository.MemberRepositoryTests   : Started MemberRepositoryTests in 7.969 seconds (process running for 10.108)
2025-03-20T19:53:49.485+09:00 DEBUG 28184 --- [mallapi] [    Test worker] org.hibernate.SQL                        : 
    select
        m1_0.email,
        m1_0.name,
        m1_0.pw,
        rl1_0.member_email,
        rl1_0.role_list 
    from
        member m1_0 
    left join
        member_role_list rl1_0 
            on m1_0.email=rl1_0.member_email 
    where
        m1_0.email=?
Hibernate: 
    select
        m1_0.email,
        m1_0.name,
        m1_0.pw,
        rl1_0.member_email,
        rl1_0.role_list 
    from
        member m1_0 
    left join
        member_role_list rl1_0 
            on m1_0.email=rl1_0.member_email 
    where
        m1_0.email=?
2025-03-20T19:53:49.678+09:00 DEBUG 28184 --- [mallapi] [    Test worker] org.hibernate.SQL                        : 
    select
        m1_0.email,
        m1_0.name,
        m1_0.pw 
    from
        member m1_0 
    where
        m1_0.email=?
Hibernate: 
    select
        m1_0.email,
        m1_0.name,
        m1_0.pw 
    from
        member m1_0 
    where
        m1_0.email=?
2025-03-20T19:53:49.687+09:00 DEBUG 28184 --- [mallapi] [    Test worker] org.hibernate.SQL                        : 
    select
        rl1_0.member_email,
        rl1_0.role_list 
    from
        member_role_list rl1_0 
    where
        rl1_0.member_email=?
Hibernate: 
    select
        rl1_0.member_email,
        rl1_0.role_list 
    from
        member_role_list rl1_0 
    where
        rl1_0.member_email=?
2025-03-20T19:53:49.711+09:00 DEBUG 28184 --- [mallapi] [    Test worker] org.hibernate.SQL                        : 
    update
        member 
    set
        name=?,
        pw=? 
    where
        email=?
Hibernate: 
    update
        member 
    set
        name=?,
        pw=? 
    where
        email=?
2025-03-20T19:53:49.722+09:00 DEBUG 28184 --- [mallapi] [    Test worker] org.hibernate.SQL                        : 
    delete 
    from
        member_role_list 
    where
        member_email=?
Hibernate: 
    delete 
    from
        member_role_list 
    where
        member_email=?
2025-03-20T19:53:49.727+09:00 DEBUG 28184 --- [mallapi] [    Test worker] org.hibernate.SQL                        : 
    insert 
    into
        member_role_list
        (member_email, role_list) 
    values
        (?, ?)
Hibernate: 
    insert 
    into
        member_role_list
        (member_email, role_list) 
    values
        (?, ?)
2025-03-20T19:53:49.803+09:00 DEBUG 28184 --- [mallapi] [    Test worker] org.hibernate.SQL                        : 
    select
        m1_0.email,
        m1_0.name,
        m1_0.pw 
    from
        member m1_0 
    where
        m1_0.email=?
Hibernate: 
    select
        m1_0.email,
        m1_0.name,
        m1_0.pw 
    from
        member m1_0 
    where
        m1_0.email=?
2025-03-20T19:53:49.805+09:00 DEBUG 28184 --- [mallapi] [    Test worker] org.hibernate.SQL                        : 
    select
        rl1_0.member_email,
        rl1_0.role_list 
    from
        member_role_list rl1_0 
    where
        rl1_0.member_email=?
Hibernate: 
    select
        rl1_0.member_email,
        rl1_0.role_list 
    from
        member_role_list rl1_0 
    where
        rl1_0.member_email=?
2025-03-20T19:53:49.806+09:00 DEBUG 28184 --- [mallapi] [    Test worker] org.hibernate.SQL                        : 
    update
        member 
    set
        name=?,
        pw=? 
    where
        email=?
Hibernate: 
    update
        member 
    set
        name=?,
        pw=? 
    where
        email=?
2025-03-20T19:53:49.808+09:00 DEBUG 28184 --- [mallapi] [    Test worker] org.hibernate.SQL                        : 
    delete 
    from
        member_role_list 
    where
        member_email=?
Hibernate: 
    delete 
    from
        member_role_list 
    where
        member_email=?
2025-03-20T19:53:49.809+09:00 DEBUG 28184 --- [mallapi] [    Test worker] org.hibernate.SQL                        : 
    insert 
    into
        member_role_list
        (member_email, role_list) 
    values
        (?, ?)
Hibernate: 
    insert 
    into
        member_role_list
        (member_email, role_list) 
    values
        (?, ?)
2025-03-20T19:53:49.881+09:00 DEBUG 28184 --- [mallapi] [    Test worker] org.hibernate.SQL                        : 
    select
        m1_0.email,
        m1_0.name,
        m1_0.pw 
    from
        member m1_0 
    where
        m1_0.email=?
Hibernate: 
    select
        m1_0.email,
        m1_0.name,
        m1_0.pw 
    from
        member m1_0 
    where
        m1_0.email=?
2025-03-20T19:53:49.883+09:00 DEBUG 28184 --- [mallapi] [    Test worker] org.hibernate.SQL                        : 
    select
        rl1_0.member_email,
        rl1_0.role_list 
    from
        member_role_list rl1_0 
    where
        rl1_0.member_email=?
Hibernate: 
    select
        rl1_0.member_email,
        rl1_0.role_list 
    from
        member_role_list rl1_0 
    where
        rl1_0.member_email=?
2025-03-20T19:53:49.885+09:00 DEBUG 28184 --- [mallapi] [    Test worker] org.hibernate.SQL                        : 
    update
        member 
    set
        name=?,
        pw=? 
    where
        email=?
Hibernate: 
    update
        member 
    set
        name=?,
        pw=? 
    where
        email=?
2025-03-20T19:53:49.886+09:00 DEBUG 28184 --- [mallapi] [    Test worker] org.hibernate.SQL                        : 
    delete 
    from
        member_role_list 
    where
        member_email=?
Hibernate: 
    delete 
    from
        member_role_list 
    where
        member_email=?
2025-03-20T19:53:49.887+09:00 DEBUG 28184 --- [mallapi] [    Test worker] org.hibernate.SQL                        : 
    insert 
    into
        member_role_list
        (member_email, role_list) 
    values
        (?, ?)
Hibernate: 
    insert 
    into
        member_role_list
        (member_email, role_list) 
    values
        (?, ?)
2025-03-20T19:53:49.966+09:00 DEBUG 28184 --- [mallapi] [    Test worker] org.hibernate.SQL                        : 
    select
        m1_0.email,
        m1_0.name,
        m1_0.pw 
    from
        member m1_0 
    where
        m1_0.email=?
Hibernate: 
    select
        m1_0.email,
        m1_0.name,
        m1_0.pw 
    from
        member m1_0 
    where
        m1_0.email=?
2025-03-20T19:53:49.970+09:00 DEBUG 28184 --- [mallapi] [    Test worker] org.hibernate.SQL                        : 
    select
        rl1_0.member_email,
        rl1_0.role_list 
    from
        member_role_list rl1_0 
    where
        rl1_0.member_email=?
Hibernate: 
    select
        rl1_0.member_email,
        rl1_0.role_list 
    from
        member_role_list rl1_0 
    where
        rl1_0.member_email=?
2025-03-20T19:53:49.972+09:00 DEBUG 28184 --- [mallapi] [    Test worker] org.hibernate.SQL                        : 
    update
        member 
    set
        name=?,
        pw=? 
    where
        email=?
Hibernate: 
    update
        member 
    set
        name=?,
        pw=? 
    where
        email=?
2025-03-20T19:53:49.973+09:00 DEBUG 28184 --- [mallapi] [    Test worker] org.hibernate.SQL                        : 
    delete 
    from
        member_role_list 
    where
        member_email=?
Hibernate: 
    delete 
    from
        member_role_list 
    where
        member_email=?
2025-03-20T19:53:49.975+09:00 DEBUG 28184 --- [mallapi] [    Test worker] org.hibernate.SQL                        : 
    insert 
    into
        member_role_list
        (member_email, role_list) 
    values
        (?, ?)
Hibernate: 
    insert 
    into
        member_role_list
        (member_email, role_list) 
    values
        (?, ?)
2025-03-20T19:53:50.050+09:00 DEBUG 28184 --- [mallapi] [    Test worker] org.hibernate.SQL                        : 
    select
        m1_0.email,
        m1_0.name,
        m1_0.pw 
    from
        member m1_0 
    where
        m1_0.email=?
Hibernate: 
    select
        m1_0.email,
        m1_0.name,
        m1_0.pw 
    from
        member m1_0 
    where
        m1_0.email=?
2025-03-20T19:53:50.051+09:00 DEBUG 28184 --- [mallapi] [    Test worker] org.hibernate.SQL                        : 
    select
        rl1_0.member_email,
        rl1_0.role_list 
    from
        member_role_list rl1_0 
    where
        rl1_0.member_email=?
Hibernate: 
    select
        rl1_0.member_email,
        rl1_0.role_list 
    from
        member_role_list rl1_0 
    where
        rl1_0.member_email=?
2025-03-20T19:53:50.053+09:00 DEBUG 28184 --- [mallapi] [    Test worker] org.hibernate.SQL                        : 
    update
        member 
    set
        name=?,
        pw=? 
    where
        email=?
Hibernate: 
    update
        member 
    set
        name=?,
        pw=? 
    where
        email=?
2025-03-20T19:53:50.054+09:00 DEBUG 28184 --- [mallapi] [    Test worker] org.hibernate.SQL                        : 
    delete 
    from
        member_role_list 
    where
        member_email=?
Hibernate: 
    delete 
    from
        member_role_list 
    where
        member_email=?
2025-03-20T19:53:50.056+09:00 DEBUG 28184 --- [mallapi] [    Test worker] org.hibernate.SQL                        : 
    insert 
    into
        member_role_list
        (member_email, role_list) 
    values
        (?, ?)
Hibernate: 
    insert 
    into
        member_role_list
        (member_email, role_list) 
    values
        (?, ?)
2025-03-20T19:53:50.136+09:00 DEBUG 28184 --- [mallapi] [    Test worker] org.hibernate.SQL                        : 
    select
        m1_0.email,
        m1_0.name,
        m1_0.pw 
    from
        member m1_0 
    where
        m1_0.email=?
Hibernate: 
    select
        m1_0.email,
        m1_0.name,
        m1_0.pw 
    from
        member m1_0 
    where
        m1_0.email=?
2025-03-20T19:53:50.139+09:00 DEBUG 28184 --- [mallapi] [    Test worker] org.hibernate.SQL                        : 
    select
        rl1_0.member_email,
        rl1_0.role_list 
    from
        member_role_list rl1_0 
    where
        rl1_0.member_email=?
Hibernate: 
    select
        rl1_0.member_email,
        rl1_0.role_list 
    from
        member_role_list rl1_0 
    where
        rl1_0.member_email=?
2025-03-20T19:53:50.141+09:00 DEBUG 28184 --- [mallapi] [    Test worker] org.hibernate.SQL                        : 
    update
        member 
    set
        name=?,
        pw=? 
    where
        email=?
Hibernate: 
    update
        member 
    set
        name=?,
        pw=? 
    where
        email=?
2025-03-20T19:53:50.143+09:00 DEBUG 28184 --- [mallapi] [    Test worker] org.hibernate.SQL                        : 
    delete 
    from
        member_role_list 
    where
        member_email=?
Hibernate: 
    delete 
    from
        member_role_list 
    where
        member_email=?
2025-03-20T19:53:50.144+09:00 DEBUG 28184 --- [mallapi] [    Test worker] org.hibernate.SQL                        : 
    insert 
    into
        member_role_list
        (member_email, role_list) 
    values
        (?, ?)
Hibernate: 
    insert 
    into
        member_role_list
        (member_email, role_list) 
    values
        (?, ?)
2025-03-20T19:53:50.150+09:00 DEBUG 28184 --- [mallapi] [    Test worker] org.hibernate.SQL                        : 
    insert 
    into
        member_role_list
        (member_email, role_list) 
    values
        (?, ?)
Hibernate: 
    insert 
    into
        member_role_list
        (member_email, role_list) 
    values
        (?, ?)
2025-03-20T19:53:50.233+09:00 DEBUG 28184 --- [mallapi] [    Test worker] org.hibernate.SQL                        : 
    select
        m1_0.email,
        m1_0.name,
        m1_0.pw 
    from
        member m1_0 
    where
        m1_0.email=?
Hibernate: 
    select
        m1_0.email,
        m1_0.name,
        m1_0.pw 
    from
        member m1_0 
    where
        m1_0.email=?
2025-03-20T19:53:50.234+09:00 DEBUG 28184 --- [mallapi] [    Test worker] org.hibernate.SQL                        : 
    select
        rl1_0.member_email,
        rl1_0.role_list 
    from
        member_role_list rl1_0 
    where
        rl1_0.member_email=?
Hibernate: 
    select
        rl1_0.member_email,
        rl1_0.role_list 
    from
        member_role_list rl1_0 
    where
        rl1_0.member_email=?
2025-03-20T19:53:50.235+09:00 DEBUG 28184 --- [mallapi] [    Test worker] org.hibernate.SQL                        : 
    update
        member 
    set
        name=?,
        pw=? 
    where
        email=?
Hibernate: 
    update
        member 
    set
        name=?,
        pw=? 
    where
        email=?
2025-03-20T19:53:50.237+09:00 DEBUG 28184 --- [mallapi] [    Test worker] org.hibernate.SQL                        : 
    delete 
    from
        member_role_list 
    where
        member_email=?
Hibernate: 
    delete 
    from
        member_role_list 
    where
        member_email=?
2025-03-20T19:53:50.239+09:00 DEBUG 28184 --- [mallapi] [    Test worker] org.hibernate.SQL                        : 
    insert 
    into
        member_role_list
        (member_email, role_list) 
    values
        (?, ?)
Hibernate: 
    insert 
    into
        member_role_list
        (member_email, role_list) 
    values
        (?, ?)
2025-03-20T19:53:50.240+09:00 DEBUG 28184 --- [mallapi] [    Test worker] org.hibernate.SQL                        : 
    insert 
    into
        member_role_list
        (member_email, role_list) 
    values
        (?, ?)
Hibernate: 
    insert 
    into
        member_role_list
        (member_email, role_list) 
    values
        (?, ?)
2025-03-20T19:53:50.316+09:00 DEBUG 28184 --- [mallapi] [    Test worker] org.hibernate.SQL                        : 
    select
        m1_0.email,
        m1_0.name,
        m1_0.pw 
    from
        member m1_0 
    where
        m1_0.email=?
Hibernate: 
    select
        m1_0.email,
        m1_0.name,
        m1_0.pw 
    from
        member m1_0 
    where
        m1_0.email=?
2025-03-20T19:53:50.317+09:00 DEBUG 28184 --- [mallapi] [    Test worker] org.hibernate.SQL                        : 
    select
        rl1_0.member_email,
        rl1_0.role_list 
    from
        member_role_list rl1_0 
    where
        rl1_0.member_email=?
Hibernate: 
    select
        rl1_0.member_email,
        rl1_0.role_list 
    from
        member_role_list rl1_0 
    where
        rl1_0.member_email=?
2025-03-20T19:53:50.320+09:00 DEBUG 28184 --- [mallapi] [    Test worker] org.hibernate.SQL                        : 
    update
        member 
    set
        name=?,
        pw=? 
    where
        email=?
Hibernate: 
    update
        member 
    set
        name=?,
        pw=? 
    where
        email=?
2025-03-20T19:53:50.321+09:00 DEBUG 28184 --- [mallapi] [    Test worker] org.hibernate.SQL                        : 
    delete 
    from
        member_role_list 
    where
        member_email=?
Hibernate: 
    delete 
    from
        member_role_list 
    where
        member_email=?
2025-03-20T19:53:50.322+09:00 DEBUG 28184 --- [mallapi] [    Test worker] org.hibernate.SQL                        : 
    insert 
    into
        member_role_list
        (member_email, role_list) 
    values
        (?, ?)
Hibernate: 
    insert 
    into
        member_role_list
        (member_email, role_list) 
    values
        (?, ?)
2025-03-20T19:53:50.323+09:00 DEBUG 28184 --- [mallapi] [    Test worker] org.hibernate.SQL                        : 
    insert 
    into
        member_role_list
        (member_email, role_list) 
    values
        (?, ?)
Hibernate: 
    insert 
    into
        member_role_list
        (member_email, role_list) 
    values
        (?, ?)
2025-03-20T19:53:50.401+09:00 DEBUG 28184 --- [mallapi] [    Test worker] org.hibernate.SQL                        : 
    select
        m1_0.email,
        m1_0.name,
        m1_0.pw 
    from
        member m1_0 
    where
        m1_0.email=?
Hibernate: 
    select
        m1_0.email,
        m1_0.name,
        m1_0.pw 
    from
        member m1_0 
    where
        m1_0.email=?
2025-03-20T19:53:50.406+09:00 DEBUG 28184 --- [mallapi] [    Test worker] org.hibernate.SQL                        : 
    select
        rl1_0.member_email,
        rl1_0.role_list 
    from
        member_role_list rl1_0 
    where
        rl1_0.member_email=?
Hibernate: 
    select
        rl1_0.member_email,
        rl1_0.role_list 
    from
        member_role_list rl1_0 
    where
        rl1_0.member_email=?
2025-03-20T19:53:50.408+09:00 DEBUG 28184 --- [mallapi] [    Test worker] org.hibernate.SQL                        : 
    update
        member 
    set
        name=?,
        pw=? 
    where
        email=?
Hibernate: 
    update
        member 
    set
        name=?,
        pw=? 
    where
        email=?
2025-03-20T19:53:50.410+09:00 DEBUG 28184 --- [mallapi] [    Test worker] org.hibernate.SQL                        : 
    delete 
    from
        member_role_list 
    where
        member_email=?
Hibernate: 
    delete 
    from
        member_role_list 
    where
        member_email=?
2025-03-20T19:53:50.411+09:00 DEBUG 28184 --- [mallapi] [    Test worker] org.hibernate.SQL                        : 
    insert 
    into
        member_role_list
        (member_email, role_list) 
    values
        (?, ?)
Hibernate: 
    insert 
    into
        member_role_list
        (member_email, role_list) 
    values
        (?, ?)
2025-03-20T19:53:50.412+09:00 DEBUG 28184 --- [mallapi] [    Test worker] org.hibernate.SQL                        : 
    insert 
    into
        member_role_list
        (member_email, role_list) 
    values
        (?, ?)
Hibernate: 
    insert 
    into
        member_role_list
        (member_email, role_list) 
    values
        (?, ?)
2025-03-20T19:53:50.415+09:00 DEBUG 28184 --- [mallapi] [    Test worker] org.hibernate.SQL                        : 
    insert 
    into
        member_role_list
        (member_email, role_list) 
    values
        (?, ?)
Hibernate: 
    insert 
    into
        member_role_list
        (member_email, role_list) 
    values
        (?, ?)
2025-03-20T19:53:50.494+09:00 DEBUG 28184 --- [mallapi] [    Test worker] org.hibernate.SQL                        : 
    select
        m1_0.email,
        m1_0.name,
        m1_0.pw 
    from
        member m1_0 
    where
        m1_0.email=?
Hibernate: 
    select
        m1_0.email,
        m1_0.name,
        m1_0.pw 
    from
        member m1_0 
    where
        m1_0.email=?
2025-03-20T19:53:50.498+09:00 DEBUG 28184 --- [mallapi] [    Test worker] org.hibernate.SQL                        : 
    select
        rl1_0.member_email,
        rl1_0.role_list 
    from
        member_role_list rl1_0 
    where
        rl1_0.member_email=?
Hibernate: 
    select
        rl1_0.member_email,
        rl1_0.role_list 
    from
        member_role_list rl1_0 
    where
        rl1_0.member_email=?
2025-03-20T19:53:50.500+09:00 DEBUG 28184 --- [mallapi] [    Test worker] org.hibernate.SQL                        : 
    update
        member 
    set
        name=?,
        pw=? 
    where
        email=?
Hibernate: 
    update
        member 
    set
        name=?,
        pw=? 
    where
        email=?
2025-03-20T19:53:50.503+09:00 DEBUG 28184 --- [mallapi] [    Test worker] org.hibernate.SQL                        : 
    delete 
    from
        member_role_list 
    where
        member_email=?
Hibernate: 
    delete 
    from
        member_role_list 
    where
        member_email=?
2025-03-20T19:53:50.507+09:00 DEBUG 28184 --- [mallapi] [    Test worker] org.hibernate.SQL                        : 
    insert 
    into
        member_role_list
        (member_email, role_list) 
    values
        (?, ?)
Hibernate: 
    insert 
    into
        member_role_list
        (member_email, role_list) 
    values
        (?, ?)
2025-03-20T19:53:50.508+09:00 DEBUG 28184 --- [mallapi] [    Test worker] org.hibernate.SQL                        : 
    insert 
    into
        member_role_list
        (member_email, role_list) 
    values
        (?, ?)
Hibernate: 
    insert 
    into
        member_role_list
        (member_email, role_list) 
    values
        (?, ?)
2025-03-20T19:53:50.509+09:00 DEBUG 28184 --- [mallapi] [    Test worker] org.hibernate.SQL                        : 
    insert 
    into
        member_role_list
        (member_email, role_list) 
    values
        (?, ?)
Hibernate: 
    insert 
    into
        member_role_list
        (member_email, role_list) 
    values
        (?, ?)
]]></system-out>
  <system-err><![CDATA[]]></system-err>
</testsuite>
